2026-05-20 15:37:54 [INF] FoodBridge API started on 
2026-05-20 15:37:54 [INF] User profile is available. Using 'C:\Users\India\AppData\Local\ASP.NET\DataProtection-Keys' as key repository and Windows DPAPI to encrypt keys at rest.
2026-05-20 15:37:54 [INF] Now listening on: http://0.0.0.0:5196
2026-05-20 15:37:54 [INF] Now listening on: http://localhost:5196
2026-05-20 15:37:54 [INF] Application started. Press Ctrl+C to shut down.
2026-05-20 15:37:55 [INF] Hosting environment: Development
2026-05-20 15:37:55 [INF] Content root path: D:\Sarthak\FoodBrigdeLatest\Food-Bridge\DotNetBackedLatest\FoodBridge.API
2026-05-20 15:37:58 [INF] Request starting HTTP/1.1 GET http://localhost:5196/ - null null
2026-05-20 15:37:59 [INF] HTTP GET / responded 301 in 13.8667 ms
2026-05-20 15:37:59 [INF] Request finished HTTP/1.1 GET http://localhost:5196/ - 301 null null 599.3766ms
2026-05-20 15:37:59 [INF] Request starting HTTP/1.1 GET http://localhost:5196/index.html - null null
2026-05-20 15:37:59 [INF] HTTP GET /index.html responded 200 in 209.9420 ms
2026-05-20 15:37:59 [INF] Request starting HTTP/1.1 GET http://localhost:5196/swagger-ui-standalone-preset.js - null null
2026-05-20 15:37:59 [INF] Request starting HTTP/1.1 GET http://localhost:5196/swagger-ui-bundle.js - null null
2026-05-20 15:37:59 [INF] Request starting HTTP/1.1 GET http://localhost:5196/swagger-ui.css - null null
2026-05-20 15:37:59 [WRN] Unable to configure Browser Link script injection on the response. 
2026-05-20 15:37:59 [INF] Sending file. Request path: '/swagger-ui.css'. Physical path: 'N/A'
2026-05-20 15:37:59 [INF] HTTP GET /swagger-ui.css responded 200 in 42.1506 ms
2026-05-20 15:37:59 [INF] Request starting HTTP/1.1 GET http://localhost:5196/_framework/aspnetcore-browser-refresh.js - null null
2026-05-20 15:37:59 [INF] Request finished HTTP/1.1 GET http://localhost:5196/index.html - 200 null text/html;charset=utf-8 402.377ms
2026-05-20 15:37:59 [INF] Request finished HTTP/1.1 GET http://localhost:5196/swagger-ui.css - 200 null text/css 114.7163ms
2026-05-20 15:37:59 [INF] Sending file. Request path: '/swagger-ui-standalone-preset.js'. Physical path: 'N/A'
2026-05-20 15:37:59 [INF] Request finished HTTP/1.1 GET http://localhost:5196/_framework/aspnetcore-browser-refresh.js - 200 14933 application/javascript; charset=utf-8 48.0379ms
2026-05-20 15:38:00 [INF] HTTP GET /swagger-ui-standalone-preset.js responded 200 in 175.8785 ms
2026-05-20 15:38:00 [INF] Sending file. Request path: '/swagger-ui-bundle.js'. Physical path: 'N/A'
2026-05-20 15:38:00 [INF] Request finished HTTP/1.1 GET http://localhost:5196/swagger-ui-standalone-preset.js - 200 null text/javascript 227.9394ms
2026-05-20 15:38:00 [INF] HTTP GET /swagger-ui-bundle.js responded 200 in 243.6700 ms
2026-05-20 15:38:00 [INF] Request finished HTTP/1.1 GET http://localhost:5196/swagger-ui-bundle.js - 200 null text/javascript 301.6013ms
2026-05-20 15:38:00 [INF] Request starting HTTP/1.1 GET http://localhost:5196/swagger/v1/swagger.json - null null
2026-05-20 15:38:00 [INF] Request starting HTTP/1.1 GET http://localhost:5196/favicon-32x32.png - null null
2026-05-20 15:38:00 [INF] Sending file. Request path: '/favicon-32x32.png'. Physical path: 'N/A'
2026-05-20 15:38:00 [INF] HTTP GET /swagger/v1/swagger.json responded 200 in 83.6823 ms
2026-05-20 15:38:00 [INF] HTTP GET /favicon-32x32.png responded 200 in 79.6932 ms
2026-05-20 15:38:00 [INF] Request finished HTTP/1.1 GET http://localhost:5196/swagger/v1/swagger.json - 200 null application/json;charset=utf-8 162.362ms
2026-05-20 15:38:00 [INF] Request finished HTTP/1.1 GET http://localhost:5196/favicon-32x32.png - 200 628 image/png 160.926ms
