2026-05-06 13:15:55 [INF] FoodBridge API started on 
2026-05-06 13:15:55 [INF] User profile is available. Using 'C:\Users\India\AppData\Local\ASP.NET\DataProtection-Keys' as key repository and Windows DPAPI to encrypt keys at rest.
2026-05-06 13:15:56 [INF] Now listening on: http://localhost:5196
2026-05-06 13:15:56 [INF] Application started. Press Ctrl+C to shut down.
2026-05-06 13:15:56 [INF] Hosting environment: Development
2026-05-06 13:15:56 [INF] Content root path: D:\New folder (2)\api_upgraded\FoodBridge.API
2026-05-06 13:16:20 [INF] FoodBridge API started on 
2026-05-06 13:16:20 [INF] User profile is available. Using 'C:\Users\India\AppData\Local\ASP.NET\DataProtection-Keys' as key repository and Windows DPAPI to encrypt keys at rest.
2026-05-06 13:16:22 [INF] Now listening on: http://localhost:5196
2026-05-06 13:16:22 [INF] Application started. Press Ctrl+C to shut down.
2026-05-06 13:16:22 [INF] Hosting environment: Development
2026-05-06 13:16:22 [INF] Content root path: D:\New folder (2)\api_upgraded\FoodBridge.API
2026-05-06 14:42:14 [INF] FoodBridge API started on 
2026-05-06 14:42:14 [INF] User profile is available. Using 'C:\Users\India\AppData\Local\ASP.NET\DataProtection-Keys' as key repository and Windows DPAPI to encrypt keys at rest.
2026-05-06 14:42:16 [INF] Now listening on: http://localhost:5196
2026-05-06 14:42:16 [INF] Application started. Press Ctrl+C to shut down.
2026-05-06 14:42:16 [INF] Hosting environment: Development
2026-05-06 14:42:16 [INF] Content root path: D:\New folder (2)\api_upgraded\FoodBridge.API
2026-05-06 14:43:06 [INF] Request starting HTTP/1.1 GET http://localhost:5196/ - null null
2026-05-06 14:43:06 [INF] HTTP GET / responded 301 in 8.3742 ms
2026-05-06 14:43:06 [INF] Request finished HTTP/1.1 GET http://localhost:5196/ - 301 null null 342.5166ms
2026-05-06 14:43:06 [INF] Request starting HTTP/1.1 GET http://localhost:5196/index.html - null null
2026-05-06 14:43:06 [INF] HTTP GET /index.html responded 200 in 89.8550 ms
2026-05-06 14:43:06 [WRN] Unable to configure Browser Link script injection on the response. 
2026-05-06 14:43:06 [INF] Request finished HTTP/1.1 GET http://localhost:5196/index.html - 200 null text/html;charset=utf-8 145.7641ms
2026-05-06 14:43:06 [INF] Request starting HTTP/1.1 GET http://localhost:5196/swagger-ui-bundle.js - null null
2026-05-06 14:43:06 [INF] Request starting HTTP/1.1 GET http://localhost:5196/swagger-ui.css - null null
2026-05-06 14:43:06 [INF] Request starting HTTP/1.1 GET http://localhost:5196/swagger-ui-standalone-preset.js - null null
2026-05-06 14:43:07 [INF] Sending file. Request path: '/swagger-ui.css'. Physical path: 'N/A'
2026-05-06 14:43:07 [INF] Sending file. Request path: '/swagger-ui-bundle.js'. Physical path: 'N/A'
2026-05-06 14:43:07 [INF] HTTP GET /swagger-ui.css responded 200 in 78.8932 ms
2026-05-06 14:43:06 [INF] Request starting HTTP/1.1 GET http://localhost:5196/_framework/aspnetcore-browser-refresh.js - null null
2026-05-06 14:43:07 [INF] Sending file. Request path: '/swagger-ui-standalone-preset.js'. Physical path: 'N/A'
2026-05-06 14:43:07 [INF] HTTP GET /swagger-ui-bundle.js responded 200 in 104.0218 ms
2026-05-06 14:43:07 [INF] Request finished HTTP/1.1 GET http://localhost:5196/swagger-ui.css - 200 null text/css 148.2244ms
2026-05-06 14:43:07 [INF] Request finished HTTP/1.1 GET http://localhost:5196/_framework/aspnetcore-browser-refresh.js - 200 14933 application/javascript; charset=utf-8 154.9959ms
2026-05-06 14:43:07 [INF] HTTP GET /swagger-ui-standalone-preset.js responded 200 in 66.7845 ms
2026-05-06 14:43:07 [INF] Request finished HTTP/1.1 GET http://localhost:5196/swagger-ui-bundle.js - 200 null text/javascript 192.4071ms
2026-05-06 14:43:07 [INF] Request finished HTTP/1.1 GET http://localhost:5196/swagger-ui-standalone-preset.js - 200 null text/javascript 219.2192ms
2026-05-06 14:43:07 [INF] Request starting HTTP/1.1 GET http://localhost:5196/swagger/v1/swagger.json - null null
2026-05-06 14:43:07 [INF] Request starting HTTP/1.1 GET http://localhost:5196/favicon-32x32.png - null null
2026-05-06 14:43:07 [INF] Sending file. Request path: '/favicon-32x32.png'. Physical path: 'N/A'
2026-05-06 14:43:07 [INF] HTTP GET /favicon-32x32.png responded 200 in 21.2254 ms
2026-05-06 14:43:07 [INF] HTTP GET /swagger/v1/swagger.json responded 200 in 65.4991 ms
2026-05-06 14:43:07 [INF] Request finished HTTP/1.1 GET http://localhost:5196/swagger/v1/swagger.json - 200 null application/json;charset=utf-8 115.906ms
2026-05-06 14:43:07 [INF] Request finished HTTP/1.1 GET http://localhost:5196/favicon-32x32.png - 200 628 image/png 73.5663ms
2026-05-06 15:02:21 [INF] FoodBridge API started on 
2026-05-06 15:02:21 [INF] User profile is available. Using 'C:\Users\India\AppData\Local\ASP.NET\DataProtection-Keys' as key repository and Windows DPAPI to encrypt keys at rest.
2026-05-06 15:02:21 [INF] Now listening on: http://localhost:5196
2026-05-06 15:02:21 [INF] Application started. Press Ctrl+C to shut down.
2026-05-06 15:02:21 [INF] Hosting environment: Development
2026-05-06 15:02:21 [INF] Content root path: D:\Sarthak\DotnetFoodApp\New folder (2)\api_upgraded\FoodBridge.API
2026-05-06 15:02:31 [INF] Request starting HTTP/1.1 GET http://localhost:5196/index.html - null null
2026-05-06 15:02:31 [INF] HTTP GET /index.html responded 200 in 91.4288 ms
2026-05-06 15:02:31 [WRN] Unable to configure Browser Link script injection on the response. 
2026-05-06 15:02:31 [INF] Request finished HTTP/1.1 GET http://localhost:5196/index.html - 200 null text/html;charset=utf-8 415.6356ms
2026-05-06 15:02:31 [INF] Request starting HTTP/1.1 GET http://localhost:5196/_framework/aspnetcore-browser-refresh.js - null null
2026-05-06 15:02:32 [INF] Request finished HTTP/1.1 GET http://localhost:5196/_framework/aspnetcore-browser-refresh.js - 200 14933 application/javascript; charset=utf-8 32.7791ms
2026-05-06 15:02:32 [INF] Request starting HTTP/1.1 GET http://localhost:5196/swagger/v1/swagger.json - null null
2026-05-06 15:02:32 [INF] HTTP GET /swagger/v1/swagger.json responded 200 in 61.6068 ms
2026-05-06 15:02:32 [INF] Request finished HTTP/1.1 GET http://localhost:5196/swagger/v1/swagger.json - 200 null application/json;charset=utf-8 85.2215ms
2026-05-06 15:07:32 [INF] Request starting HTTP/1.1 GET http://localhost:5196/v1/health - null null
2026-05-06 15:07:32 [WRN] Failed to determine the https port for redirect.
2026-05-06 15:07:34 [INF] Executing endpoint 'FoodBridge.API.Controllers.HealthController.GetHealth (FoodBridge.API)'
2026-05-06 15:07:34 [INF] Route matched with {action = "GetHealth", controller = "Health"}. Executing controller action with signature System.Threading.Tasks.Task`1[Microsoft.AspNetCore.Mvc.IActionResult] GetHealth(System.Threading.CancellationToken) on controller FoodBridge.API.Controllers.HealthController (FoodBridge.API).
2026-05-06 15:07:34 [INF] --> Handling GetHealthQuery
2026-05-06 15:07:38 [WRN] The query uses a row limiting operator ('Skip'/'Take') without an 'OrderBy' operator. This may lead to unpredictable results. If the 'Distinct' operator is used after 'OrderBy', then make sure to use the 'OrderBy' operator after 'Distinct' as the ordering would otherwise get erased.
2026-05-06 15:07:40 [INF] Executed DbCommand (210ms) [Parameters=[@__p_0='?' (DbType = Int32)], CommandType='"Text"', CommandTimeout='30']
SELECT TOP(@__p_0) [u].[Id], [u].[AvatarUrl], [u].[CreatedAt], [u].[DeletedAt], [u].[Email], [u].[FullName], [u].[LastLoginAt], [u].[MobileNumber], [u].[Role], [u].[Status], [u].[UpdatedAt]
FROM [dbo].[Users] AS [u]
WHERE [u].[DeletedAt] IS NULL
2026-05-06 15:07:40 [WRN] SLOW handler [GetHealthQuery] took 5829ms
2026-05-06 15:07:40 [INF] Executing OkObjectResult, writing value of type '<>f__AnonymousType0`2[[System.Boolean, System.Private.CoreLib, Version=8.0.0.0, Culture=neutral, PublicKeyToken=7cec85d7bea7798e],[FoodBridge.Application.DTOs.Health.HealthDto, FoodBridge.Application, Version=1.0.0.0, Culture=neutral, PublicKeyToken=null]]'.
2026-05-06 15:07:40 [INF] Executed action FoodBridge.API.Controllers.HealthController.GetHealth (FoodBridge.API) in 5910.4315ms
2026-05-06 15:07:40 [INF] Executed endpoint 'FoodBridge.API.Controllers.HealthController.GetHealth (FoodBridge.API)'
2026-05-06 15:07:40 [INF] HTTP GET /v1/health responded 200 in 8395.9862 ms
2026-05-06 15:07:40 [INF] Request finished HTTP/1.1 GET http://localhost:5196/v1/health - 200 null application/json; charset=utf-8 8434.5186ms
2026-05-06 15:07:40 [INF] Request starting HTTP/1.1 GET http://localhost:5196/v1/restaurants - null null
2026-05-06 15:07:40 [INF] Executing endpoint 'FoodBridge.API.Controllers.RestaurantsController.GetAll (FoodBridge.API)'
2026-05-06 15:07:40 [INF] Route matched with {action = "GetAll", controller = "Restaurants"}. Executing controller action with signature System.Threading.Tasks.Task`1[Microsoft.AspNetCore.Mvc.IActionResult] GetAll(System.String, System.String, Int32, Int32, System.Threading.CancellationToken) on controller FoodBridge.API.Controllers.RestaurantsController (FoodBridge.API).
2026-05-06 15:07:40 [INF] --> Handling GetRestaurantsQuery
2026-05-06 15:07:41 [INF] Executed DbCommand (84ms) [Parameters=[@__p_0='?' (DbType = Int32), @__p_1='?' (DbType = Int32)], CommandType='"Text"', CommandTimeout='30']
SELECT [r].[Id], [r].[AddressLine], [r].[AvgDeliveryMinutes], [r].[AvgRating], [r].[City], [r].[CoverImageUrl], [r].[CreatedAt], [r].[DeletedAt], [r].[DeliveryFee], [r].[Description], [r].[FssaiLicense], [r].[IsOpen], [r].[Latitude], [r].[LogoUrl], [r].[Longitude], [r].[MinOrderAmount], [r].[Name], [r].[PhoneNumber], [r].[PinCode], [r].[State], [r].[Status], [r].[TotalRatings], [r].[UpdatedAt], [r].[VendorId]
FROM [dbo].[Restaurants] AS [r]
WHERE [r].[DeletedAt] IS NULL AND [r].[DeletedAt] IS NULL AND [r].[Status] = N'Active'
ORDER BY [r].[AvgRating] DESC, [r].[TotalRatings] DESC
OFFSET @__p_0 ROWS FETCH NEXT @__p_1 ROWS ONLY
2026-05-06 15:07:41 [INF] <-- GetRestaurantsQuery handled in 427ms
2026-05-06 15:07:41 [INF] Executing OkObjectResult, writing value of type '<>f__AnonymousType0`2[[System.Boolean, System.Private.CoreLib, Version=8.0.0.0, Culture=neutral, PublicKeyToken=7cec85d7bea7798e],[System.Collections.Generic.List`1[[FoodBridge.Application.DTOs.Restaurants.RestaurantDto, FoodBridge.Application, Version=1.0.0.0, Culture=neutral, PublicKeyToken=null]], System.Private.CoreLib, Version=8.0.0.0, Culture=neutral, PublicKeyToken=7cec85d7bea7798e]]'.
2026-05-06 15:07:41 [INF] Executed action FoodBridge.API.Controllers.RestaurantsController.GetAll (FoodBridge.API) in 483.2943ms
2026-05-06 15:07:41 [INF] Executed endpoint 'FoodBridge.API.Controllers.RestaurantsController.GetAll (FoodBridge.API)'
2026-05-06 15:07:41 [INF] HTTP GET /v1/restaurants responded 200 in 538.9754 ms
2026-05-06 15:07:41 [INF] Request finished HTTP/1.1 GET http://localhost:5196/v1/restaurants - 200 null application/json; charset=utf-8 565.1975ms
2026-05-06 15:07:41 [INF] Request starting HTTP/1.1 POST http://localhost:5196/v1/auth/request-otp - application/json 30
2026-05-06 15:07:41 [INF] Executing endpoint 'FoodBridge.API.Controllers.AuthController.RequestOtp (FoodBridge.API)'
2026-05-06 15:07:41 [INF] Route matched with {action = "RequestOtp", controller = "Auth"}. Executing controller action with signature System.Threading.Tasks.Task`1[Microsoft.AspNetCore.Mvc.IActionResult] RequestOtp(FoodBridge.Application.DTOs.Auth.OtpRequestDto, System.Threading.CancellationToken) on controller FoodBridge.API.Controllers.AuthController (FoodBridge.API).
2026-05-06 15:07:41 [INF] --> Handling RequestOtpCommand
2026-05-06 15:07:42 [INF] Executed action FoodBridge.API.Controllers.AuthController.RequestOtp (FoodBridge.API) in 833.6677ms
2026-05-06 15:07:42 [INF] Executed endpoint 'FoodBridge.API.Controllers.AuthController.RequestOtp (FoodBridge.API)'
2026-05-06 15:07:42 [ERR] Unhandled exception occurred
FoodBridge.Application.Common.Exceptions.ValidationException: One or more validation errors occurred.
   at FoodBridge.Application.Common.Behaviours.ValidationBehaviour`2.Handle(TRequest request, RequestHandlerDelegate`1 next, CancellationToken ct) in D:\Sarthak\DotnetFoodApp\New folder (2)\api_upgraded\FoodBridge.Application\Common\Behaviours\ValidationBehaviour.cs:line 32
   at FoodBridge.Application.Common.Behaviours.LoggingBehaviour`2.Handle(TRequest request, RequestHandlerDelegate`1 next, CancellationToken ct) in D:\Sarthak\DotnetFoodApp\New folder (2)\api_upgraded\FoodBridge.Application\Common\Behaviours\LoggingBehaviour.cs:line 27
   at FoodBridge.API.Controllers.AuthController.RequestOtp(OtpRequestDto dto, CancellationToken ct) in D:\Sarthak\DotnetFoodApp\New folder (2)\api_upgraded\FoodBridge.API\Controllers\AuthController.cs:line 26
   at Microsoft.AspNetCore.Mvc.Infrastructure.ActionMethodExecutor.TaskOfIActionResultExecutor.Execute(ActionContext actionContext, IActionResultTypeMapper mapper, ObjectMethodExecutor executor, Object controller, Object[] arguments)
   at Microsoft.AspNetCore.Mvc.Infrastructure.ControllerActionInvoker.<InvokeActionMethodAsync>g__Awaited|12_0(ControllerActionInvoker invoker, ValueTask`1 actionResultValueTask)
   at Microsoft.AspNetCore.Mvc.Infrastructure.ControllerActionInvoker.<InvokeNextActionFilterAsync>g__Awaited|10_0(ControllerActionInvoker invoker, Task lastTask, State next, Scope scope, Object state, Boolean isCompleted)
   at Microsoft.AspNetCore.Mvc.Infrastructure.ControllerActionInvoker.Rethrow(ActionExecutedContextSealed context)
   at Microsoft.AspNetCore.Mvc.Infrastructure.ControllerActionInvoker.Next(State& next, Scope& scope, Object& state, Boolean& isCompleted)
   at Microsoft.AspNetCore.Mvc.Infrastructure.ControllerActionInvoker.InvokeInnerFilterAsync()
--- End of stack trace from previous location ---
   at Microsoft.AspNetCore.Mvc.Infrastructure.ResourceInvoker.<InvokeFilterPipelineAsync>g__Awaited|20_0(ResourceInvoker invoker, Task lastTask, State next, Scope scope, Object state, Boolean isCompleted)
   at Microsoft.AspNetCore.Mvc.Infrastructure.ResourceInvoker.<InvokeAsync>g__Logged|17_1(ResourceInvoker invoker)
   at Microsoft.AspNetCore.Mvc.Infrastructure.ResourceInvoker.<InvokeAsync>g__Logged|17_1(ResourceInvoker invoker)
   at Microsoft.AspNetCore.Routing.EndpointMiddleware.<Invoke>g__AwaitRequestTask|7_0(Endpoint endpoint, Task requestTask, ILogger logger)
   at Microsoft.AspNetCore.Authorization.AuthorizationMiddleware.Invoke(HttpContext context)
   at Microsoft.AspNetCore.Authentication.AuthenticationMiddleware.Invoke(HttpContext context)
   at Swashbuckle.AspNetCore.SwaggerUI.SwaggerUIMiddleware.Invoke(HttpContext httpContext)
   at Swashbuckle.AspNetCore.Swagger.SwaggerMiddleware.Invoke(HttpContext httpContext, ISwaggerProvider swaggerProvider)
   at FoodBridge.API.Middleware.ExceptionMiddleware.InvokeAsync(HttpContext context) in D:\Sarthak\DotnetFoodApp\New folder (2)\api_upgraded\FoodBridge.API\Middleware\ExceptionMiddleware.cs:line 25
2026-05-06 15:07:42 [ERR] HTTP POST /v1/auth/request-otp responded 500 in 1101.7144 ms
2026-05-06 15:07:42 [INF] Request finished HTTP/1.1 POST http://localhost:5196/v1/auth/request-otp - 500 null application/json 1122.5682ms
2026-05-06 15:09:29 [INF] Request starting HTTP/1.1 GET http://localhost:5196/v1/health - null null
2026-05-06 15:09:29 [INF] Executing endpoint 'FoodBridge.API.Controllers.HealthController.GetHealth (FoodBridge.API)'
2026-05-06 15:09:29 [INF] Route matched with {action = "GetHealth", controller = "Health"}. Executing controller action with signature System.Threading.Tasks.Task`1[Microsoft.AspNetCore.Mvc.IActionResult] GetHealth(System.Threading.CancellationToken) on controller FoodBridge.API.Controllers.HealthController (FoodBridge.API).
2026-05-06 15:09:29 [INF] --> Handling GetHealthQuery
2026-05-06 15:09:29 [INF] Executed DbCommand (19ms) [Parameters=[@__p_0='?' (DbType = Int32)], CommandType='"Text"', CommandTimeout='30']
SELECT TOP(@__p_0) [u].[Id], [u].[AvatarUrl], [u].[CreatedAt], [u].[DeletedAt], [u].[Email], [u].[FullName], [u].[LastLoginAt], [u].[MobileNumber], [u].[Role], [u].[Status], [u].[UpdatedAt]
FROM [dbo].[Users] AS [u]
WHERE [u].[DeletedAt] IS NULL
2026-05-06 15:09:30 [INF] <-- GetHealthQuery handled in 75ms
2026-05-06 15:09:30 [INF] Executing OkObjectResult, writing value of type '<>f__AnonymousType0`2[[System.Boolean, System.Private.CoreLib, Version=8.0.0.0, Culture=neutral, PublicKeyToken=7cec85d7bea7798e],[FoodBridge.Application.DTOs.Health.HealthDto, FoodBridge.Application, Version=1.0.0.0, Culture=neutral, PublicKeyToken=null]]'.
2026-05-06 15:09:30 [INF] Executed action FoodBridge.API.Controllers.HealthController.GetHealth (FoodBridge.API) in 101.7951ms
2026-05-06 15:09:30 [INF] Executed endpoint 'FoodBridge.API.Controllers.HealthController.GetHealth (FoodBridge.API)'
2026-05-06 15:09:30 [INF] HTTP GET /v1/health responded 200 in 153.7205 ms
2026-05-06 15:09:30 [INF] Request finished HTTP/1.1 GET http://localhost:5196/v1/health - 200 null application/json; charset=utf-8 178.1846ms
2026-05-06 15:09:30 [INF] Request starting HTTP/1.1 GET http://localhost:5196/v1/restaurants - null null
2026-05-06 15:09:30 [INF] Executing endpoint 'FoodBridge.API.Controllers.RestaurantsController.GetAll (FoodBridge.API)'
2026-05-06 15:09:30 [INF] Route matched with {action = "GetAll", controller = "Restaurants"}. Executing controller action with signature System.Threading.Tasks.Task`1[Microsoft.AspNetCore.Mvc.IActionResult] GetAll(System.String, System.String, Int32, Int32, System.Threading.CancellationToken) on controller FoodBridge.API.Controllers.RestaurantsController (FoodBridge.API).
2026-05-06 15:09:30 [INF] --> Handling GetRestaurantsQuery
2026-05-06 15:09:30 [INF] Executed DbCommand (23ms) [Parameters=[@__p_0='?' (DbType = Int32), @__p_1='?' (DbType = Int32)], CommandType='"Text"', CommandTimeout='30']
SELECT [r].[Id], [r].[AddressLine], [r].[AvgDeliveryMinutes], [r].[AvgRating], [r].[City], [r].[CoverImageUrl], [r].[CreatedAt], [r].[DeletedAt], [r].[DeliveryFee], [r].[Description], [r].[FssaiLicense], [r].[IsOpen], [r].[Latitude], [r].[LogoUrl], [r].[Longitude], [r].[MinOrderAmount], [r].[Name], [r].[PhoneNumber], [r].[PinCode], [r].[State], [r].[Status], [r].[TotalRatings], [r].[UpdatedAt], [r].[VendorId]
FROM [dbo].[Restaurants] AS [r]
WHERE [r].[DeletedAt] IS NULL AND [r].[DeletedAt] IS NULL AND [r].[Status] = N'Active'
ORDER BY [r].[AvgRating] DESC, [r].[TotalRatings] DESC
OFFSET @__p_0 ROWS FETCH NEXT @__p_1 ROWS ONLY
2026-05-06 15:09:30 [INF] <-- GetRestaurantsQuery handled in 58ms
2026-05-06 15:09:30 [INF] Executing OkObjectResult, writing value of type '<>f__AnonymousType0`2[[System.Boolean, System.Private.CoreLib, Version=8.0.0.0, Culture=neutral, PublicKeyToken=7cec85d7bea7798e],[System.Collections.Generic.List`1[[FoodBridge.Application.DTOs.Restaurants.RestaurantDto, FoodBridge.Application, Version=1.0.0.0, Culture=neutral, PublicKeyToken=null]], System.Private.CoreLib, Version=8.0.0.0, Culture=neutral, PublicKeyToken=7cec85d7bea7798e]]'.
2026-05-06 15:09:30 [INF] Executed action FoodBridge.API.Controllers.RestaurantsController.GetAll (FoodBridge.API) in 100.5953ms
2026-05-06 15:09:30 [INF] Executed endpoint 'FoodBridge.API.Controllers.RestaurantsController.GetAll (FoodBridge.API)'
2026-05-06 15:09:30 [INF] HTTP GET /v1/restaurants responded 200 in 144.7029 ms
2026-05-06 15:09:30 [INF] Request finished HTTP/1.1 GET http://localhost:5196/v1/restaurants - 200 null application/json; charset=utf-8 165.215ms
2026-05-06 15:09:30 [INF] Request starting HTTP/1.1 POST http://localhost:5196/v1/auth/request-otp - application/json 29
2026-05-06 15:09:30 [INF] Executing endpoint 'FoodBridge.API.Controllers.AuthController.RequestOtp (FoodBridge.API)'
2026-05-06 15:09:30 [INF] Route matched with {action = "RequestOtp", controller = "Auth"}. Executing controller action with signature System.Threading.Tasks.Task`1[Microsoft.AspNetCore.Mvc.IActionResult] RequestOtp(FoodBridge.Application.DTOs.Auth.OtpRequestDto, System.Threading.CancellationToken) on controller FoodBridge.API.Controllers.AuthController (FoodBridge.API).
2026-05-06 15:09:30 [INF] --> Handling RequestOtpCommand
2026-05-06 15:09:32 [WRN] SLOW handler [RequestOtpCommand] took 2048ms
2026-05-06 15:09:32 [INF] Executing OkObjectResult, writing value of type '<>f__AnonymousType4`3[[System.Boolean, System.Private.CoreLib, Version=8.0.0.0, Culture=neutral, PublicKeyToken=7cec85d7bea7798e],[System.String, System.Private.CoreLib, Version=8.0.0.0, Culture=neutral, PublicKeyToken=7cec85d7bea7798e],[FoodBridge.Application.Features.Auth.Commands.RequestOtp.RequestOtpResult, FoodBridge.Application, Version=1.0.0.0, Culture=neutral, PublicKeyToken=null]]'.
2026-05-06 15:09:32 [INF] Executed action FoodBridge.API.Controllers.AuthController.RequestOtp (FoodBridge.API) in 2078.6505ms
2026-05-06 15:09:32 [INF] Executed endpoint 'FoodBridge.API.Controllers.AuthController.RequestOtp (FoodBridge.API)'
2026-05-06 15:09:32 [INF] HTTP POST /v1/auth/request-otp responded 200 in 2128.7531 ms
2026-05-06 15:09:32 [INF] Request finished HTTP/1.1 POST http://localhost:5196/v1/auth/request-otp - 200 null application/json; charset=utf-8 2150.2491ms
2026-05-06 15:32:58 [INF] FoodBridge API started on 
2026-05-06 15:32:58 [INF] User profile is available. Using 'C:\Users\India\AppData\Local\ASP.NET\DataProtection-Keys' as key repository and Windows DPAPI to encrypt keys at rest.
2026-05-06 15:32:59 [INF] Now listening on: http://0.0.0.0:5196
2026-05-06 15:32:59 [INF] Now listening on: http://localhost:5196
2026-05-06 15:32:59 [INF] Application started. Press Ctrl+C to shut down.
2026-05-06 15:32:59 [INF] Hosting environment: Development
2026-05-06 15:32:59 [INF] Content root path: D:\Sarthak\DotnetFoodApp\New folder (2)\api_upgraded\FoodBridge.API
2026-05-06 15:33:19 [INF] FoodBridge API started on 
2026-05-06 15:33:19 [INF] User profile is available. Using 'C:\Users\India\AppData\Local\ASP.NET\DataProtection-Keys' as key repository and Windows DPAPI to encrypt keys at rest.
2026-05-06 15:33:19 [INF] Now listening on: http://0.0.0.0:5196
2026-05-06 15:33:19 [INF] Now listening on: http://localhost:5196
2026-05-06 15:33:19 [INF] Application started. Press Ctrl+C to shut down.
2026-05-06 15:33:19 [INF] Hosting environment: Development
2026-05-06 15:33:19 [INF] Content root path: D:\Sarthak\DotnetFoodApp\New folder (2)\api_upgraded\FoodBridge.API
2026-05-06 15:42:56 [INF] FoodBridge API started on 
2026-05-06 15:42:56 [INF] User profile is available. Using 'C:\Users\India\AppData\Local\ASP.NET\DataProtection-Keys' as key repository and Windows DPAPI to encrypt keys at rest.
2026-05-06 15:42:56 [INF] Now listening on: http://0.0.0.0:5196
2026-05-06 15:42:56 [INF] Now listening on: http://localhost:5196
2026-05-06 15:42:56 [INF] Application started. Press Ctrl+C to shut down.
2026-05-06 15:42:56 [INF] Hosting environment: Development
2026-05-06 15:42:56 [INF] Content root path: D:\Sarthak\DotnetFoodApp\New folder (2)\api_upgraded\FoodBridge.API
2026-05-06 15:42:57 [INF] Request starting HTTP/1.1 GET http://localhost:5196/ - null null
2026-05-06 15:42:57 [INF] HTTP GET / responded 301 in 7.8773 ms
2026-05-06 15:42:57 [INF] Request finished HTTP/1.1 GET http://localhost:5196/ - 301 null null 667.3311ms
2026-05-06 15:42:57 [INF] Request starting HTTP/1.1 GET http://localhost:5196/index.html - null null
2026-05-06 15:42:58 [INF] HTTP GET /index.html responded 200 in 83.1106 ms
2026-05-06 15:42:58 [WRN] Unable to configure Browser Link script injection on the response. 
2026-05-06 15:42:58 [INF] Request finished HTTP/1.1 GET http://localhost:5196/index.html - 200 null text/html;charset=utf-8 135.409ms
2026-05-06 15:42:58 [INF] Request starting HTTP/1.1 GET http://localhost:5196/swagger-ui-bundle.js - null null
2026-05-06 15:42:58 [INF] Request starting HTTP/1.1 GET http://localhost:5196/swagger-ui-standalone-preset.js - null null
2026-05-06 15:42:58 [INF] Request starting HTTP/1.1 GET http://localhost:5196/_framework/aspnetcore-browser-refresh.js - null null
2026-05-06 15:42:58 [INF] Request starting HTTP/1.1 GET http://localhost:5196/swagger-ui.css - null null
2026-05-06 15:42:58 [INF] Sending file. Request path: '/swagger-ui-standalone-preset.js'. Physical path: 'N/A'
2026-05-06 15:42:58 [INF] HTTP GET /swagger-ui-standalone-preset.js responded 200 in 33.8644 ms
2026-05-06 15:42:58 [INF] Sending file. Request path: '/swagger-ui.css'. Physical path: 'N/A'
2026-05-06 15:42:58 [INF] Request finished HTTP/1.1 GET http://localhost:5196/_framework/aspnetcore-browser-refresh.js - 200 14933 application/javascript; charset=utf-8 37.4088ms
2026-05-06 15:42:58 [INF] Request finished HTTP/1.1 GET http://localhost:5196/swagger-ui-standalone-preset.js - 200 null text/javascript 68.5386ms
2026-05-06 15:42:58 [INF] Sending file. Request path: '/swagger-ui-bundle.js'. Physical path: 'N/A'
2026-05-06 15:42:58 [INF] HTTP GET /swagger-ui.css responded 200 in 53.9116 ms
2026-05-06 15:42:58 [INF] HTTP GET /swagger-ui-bundle.js responded 200 in 120.0339 ms
2026-05-06 15:42:58 [INF] Request finished HTTP/1.1 GET http://localhost:5196/swagger-ui.css - 200 null text/css 142.529ms
2026-05-06 15:42:58 [INF] Request finished HTTP/1.1 GET http://localhost:5196/swagger-ui-bundle.js - 200 null text/javascript 160.3931ms
2026-05-06 15:42:58 [INF] Request starting HTTP/1.1 GET http://localhost:5196/swagger/v1/swagger.json - null null
2026-05-06 15:42:58 [INF] Request starting HTTP/1.1 GET http://localhost:5196/favicon-32x32.png - null null
2026-05-06 15:42:58 [INF] Sending file. Request path: '/favicon-32x32.png'. Physical path: 'N/A'
2026-05-06 15:42:58 [INF] HTTP GET /favicon-32x32.png responded 200 in 9.5197 ms
2026-05-06 15:42:58 [INF] Request finished HTTP/1.1 GET http://localhost:5196/favicon-32x32.png - 200 628 image/png 143.0272ms
2026-05-06 15:42:58 [INF] HTTP GET /swagger/v1/swagger.json responded 200 in 105.9533 ms
2026-05-06 15:42:58 [INF] Request finished HTTP/1.1 GET http://localhost:5196/swagger/v1/swagger.json - 200 null application/json;charset=utf-8 259.1861ms
2026-05-06 15:45:59 [INF] Request starting HTTP/1.1 GET http://192.168.1.6:5196/health - null null
2026-05-06 15:45:59 [WRN] Failed to determine the https port for redirect.
2026-05-06 15:46:02 [INF] HTTP GET /health responded 404 in 3161.9845 ms
2026-05-06 15:46:02 [INF] Request finished HTTP/1.1 GET http://192.168.1.6:5196/health - 404 0 null 3186.1165ms
2026-05-06 15:46:02 [INF] Request reached the end of the middleware pipeline without being handled by application code. Request path: GET http://192.168.1.6:5196/health, Response status code: 404
2026-05-06 15:51:43 [INF] Request starting HTTP/1.1 POST http://192.168.1.6:5196/v1/auth/request-otp - application/json 30
2026-05-06 15:51:43 [INF] Executing endpoint 'FoodBridge.API.Controllers.AuthController.RequestOtp (FoodBridge.API)'
2026-05-06 15:51:43 [INF] Route matched with {action = "RequestOtp", controller = "Auth"}. Executing controller action with signature System.Threading.Tasks.Task`1[Microsoft.AspNetCore.Mvc.IActionResult] RequestOtp(FoodBridge.Application.DTOs.Auth.OtpRequestDto, System.Threading.CancellationToken) on controller FoodBridge.API.Controllers.AuthController (FoodBridge.API).
2026-05-06 15:51:43 [INF] --> Handling RequestOtpCommand
2026-05-06 15:51:43 [INF] Executed action FoodBridge.API.Controllers.AuthController.RequestOtp (FoodBridge.API) in 221.9866ms
2026-05-06 15:51:43 [INF] Executed endpoint 'FoodBridge.API.Controllers.AuthController.RequestOtp (FoodBridge.API)'
2026-05-06 15:51:43 [ERR] Unhandled exception occurred
FoodBridge.Application.Common.Exceptions.ValidationException: One or more validation errors occurred.
   at FoodBridge.Application.Common.Behaviours.ValidationBehaviour`2.Handle(TRequest request, RequestHandlerDelegate`1 next, CancellationToken ct) in D:\Sarthak\DotnetFoodApp\New folder (2)\api_upgraded\FoodBridge.Application\Common\Behaviours\ValidationBehaviour.cs:line 32
   at FoodBridge.Application.Common.Behaviours.LoggingBehaviour`2.Handle(TRequest request, RequestHandlerDelegate`1 next, CancellationToken ct) in D:\Sarthak\DotnetFoodApp\New folder (2)\api_upgraded\FoodBridge.Application\Common\Behaviours\LoggingBehaviour.cs:line 27
   at FoodBridge.API.Controllers.AuthController.RequestOtp(OtpRequestDto dto, CancellationToken ct) in D:\Sarthak\DotnetFoodApp\New folder (2)\api_upgraded\FoodBridge.API\Controllers\AuthController.cs:line 26
   at Microsoft.AspNetCore.Mvc.Infrastructure.ActionMethodExecutor.TaskOfIActionResultExecutor.Execute(ActionContext actionContext, IActionResultTypeMapper mapper, ObjectMethodExecutor executor, Object controller, Object[] arguments)
   at Microsoft.AspNetCore.Mvc.Infrastructure.ControllerActionInvoker.<InvokeActionMethodAsync>g__Awaited|12_0(ControllerActionInvoker invoker, ValueTask`1 actionResultValueTask)
   at Microsoft.AspNetCore.Mvc.Infrastructure.ControllerActionInvoker.<InvokeNextActionFilterAsync>g__Awaited|10_0(ControllerActionInvoker invoker, Task lastTask, State next, Scope scope, Object state, Boolean isCompleted)
   at Microsoft.AspNetCore.Mvc.Infrastructure.ControllerActionInvoker.Rethrow(ActionExecutedContextSealed context)
   at Microsoft.AspNetCore.Mvc.Infrastructure.ControllerActionInvoker.Next(State& next, Scope& scope, Object& state, Boolean& isCompleted)
   at Microsoft.AspNetCore.Mvc.Infrastructure.ControllerActionInvoker.InvokeInnerFilterAsync()
--- End of stack trace from previous location ---
   at Microsoft.AspNetCore.Mvc.Infrastructure.ResourceInvoker.<InvokeFilterPipelineAsync>g__Awaited|20_0(ResourceInvoker invoker, Task lastTask, State next, Scope scope, Object state, Boolean isCompleted)
   at Microsoft.AspNetCore.Mvc.Infrastructure.ResourceInvoker.<InvokeAsync>g__Logged|17_1(ResourceInvoker invoker)
   at Microsoft.AspNetCore.Mvc.Infrastructure.ResourceInvoker.<InvokeAsync>g__Logged|17_1(ResourceInvoker invoker)
   at Microsoft.AspNetCore.Routing.EndpointMiddleware.<Invoke>g__AwaitRequestTask|7_0(Endpoint endpoint, Task requestTask, ILogger logger)
   at Microsoft.AspNetCore.Authorization.AuthorizationMiddleware.Invoke(HttpContext context)
   at Microsoft.AspNetCore.Authentication.AuthenticationMiddleware.Invoke(HttpContext context)
   at Swashbuckle.AspNetCore.SwaggerUI.SwaggerUIMiddleware.Invoke(HttpContext httpContext)
   at Swashbuckle.AspNetCore.Swagger.SwaggerMiddleware.Invoke(HttpContext httpContext, ISwaggerProvider swaggerProvider)
   at FoodBridge.API.Middleware.ExceptionMiddleware.InvokeAsync(HttpContext context) in D:\Sarthak\DotnetFoodApp\New folder (2)\api_upgraded\FoodBridge.API\Middleware\ExceptionMiddleware.cs:line 25
2026-05-06 15:51:43 [ERR] HTTP POST /v1/auth/request-otp responded 500 in 522.6381 ms
2026-05-06 15:51:43 [INF] Request finished HTTP/1.1 POST http://192.168.1.6:5196/v1/auth/request-otp - 500 null application/json 570.5243ms
